<?xml version="1.0" encoding="utf-8"?><testsuites name="pytest tests"><testsuite name="pytest" errors="0" failures="0" skipped="0" tests="21" time="2.520" timestamp="2026-06-20T11:38:44.357148+00:00" hostname="agent-env-a1f5107b-2b0a-4b73-be11-b001fe5fb841"><testcase classname="backend.tests.backend_test" name="test_root" time="0.288" /><testcase classname="backend.tests.backend_test" name="test_create_booking" time="0.076" /><testcase classname="backend.tests.backend_test" name="test_admin_login_correct" time="0.049" /><testcase classname="backend.tests.backend_test" name="test_admin_login_wrong" time="0.080" /><testcase classname="backend.tests.backend_test" name="test_admin_stats_unauth" time="0.171" /><testcase classname="backend.tests.backend_test" name="test_admin_stats_authorized" time="0.136" /><testcase classname="backend.tests.backend_test" name="test_admin_list_bookings_contains_created" time="0.105" /><testcase classname="backend.tests.backend_test" name="test_update_booking_status_confirm" time="0.294" /><testcase classname="backend.tests.backend_test" name="test_update_booking_status_unauth" time="0.154" /><testcase classname="backend.tests.backend_test" name="test_update_booking_status_notfound" time="0.130" /><testcase classname="backend.tests.backend_test" name="test_create_inquiry_types[callback-TEST_CallbackUser]" time="0.043" /><testcase classname="backend.tests.backend_test" name="test_create_inquiry_types[contact-TEST_ContactUser]" time="0.042" /><testcase classname="backend.tests.backend_test" name="test_create_inquiry_types[hotel-TEST_HotelUser]" time="0.044" /><testcase classname="backend.tests.backend_test" name="test_create_inquiry_types[package-TEST_PackageUser]" time="0.046" /><testcase classname="backend.tests.backend_test" name="test_create_inquiry_types[custom_package-TEST_CustomPkgUser]" time="0.081" /><testcase classname="backend.tests.backend_test" name="test_create_inquiry_types[tatkal_request-TEST_TatkalUser]" time="0.039" /><testcase classname="backend.tests.backend_test" name="test_admin_inquiries_list" time="0.130" /><testcase classname="backend.tests.backend_test" name="test_inquiries_unauth" time="0.093" /><testcase classname="backend.tests.backend_test" name="test_live_feed" time="0.145" /><testcase classname="backend.tests.backend_test" name="test_live_feed_unauth" time="0.104" /><testcase classname="backend.tests.backend_test" name="test_create_tatkal_booking" time="0.040" /></testsuite></testsuites>